{"contracts\\CustomERC20TokenV1.sol":{"l":{"26":10,"30":3,"34":2,"38":2,"39":2,"40":0,"41":0,"44":2,"45":2,"47":2,"51":1,"52":1,"53":1,"56":1,"57":1,"60":1,"64":1,"66":1,"67":1,"68":1,"69":1,"70":1,"72":1,"73":1,"76":1,"79":1,"84":1,"90":1,"91":1,"92":1,"93":1,"94":1,"95":1,"96":1,"97":1,"98":1,"99":1},"path":"C:\\Users\\luyip\\Downloads\\ERC20Token\\contracts\\CustomERC20TokenV1.sol","s":{"1":10,"2":3,"3":2,"4":2,"5":2,"6":0,"7":0,"8":2,"9":2,"10":2,"11":1,"12":1,"13":1,"14":1,"15":1,"16":1,"17":1,"18":1,"19":1,"20":1,"21":1,"22":1,"23":1,"24":1,"25":1,"26":1,"27":1,"28":1,"29":1,"30":1,"31":1,"32":1,"33":1,"34":1,"35":1},"b":{"1":[0,0],"2":[2,0],"3":[1,0],"4":[1,0],"5":[1,0],"6":[1,0],"7":[1,0],"8":[1,0]},"f":{"1":10,"2":3,"3":2,"4":2,"5":1,"6":1,"7":1},"fnMap":{"1":{"name":"constructor","line":24,"loc":{"start":{"line":20,"column":4},"end":{"line":27,"column":4}}},"2":{"name":"acceptedTokenList","line":29,"loc":{"start":{"line":29,"column":4},"end":{"line":31,"column":4}}},"3":{"name":"exchangeRatioList","line":33,"loc":{"start":{"line":33,"column":4},"end":{"line":35,"column":4}}},"4":{"name":"setFriendToken","line":37,"loc":{"start":{"line":37,"column":4},"end":{"line":48,"column":4}}},"5":{"name":"removeFriendToken","line":50,"loc":{"start":{"line":50,"column":4},"end":{"line":61,"column":4}}},"6":{"name":"cast","line":63,"loc":{"start":{"line":63,"column":4},"end":{"line":87,"column":4}}},"7":{"name":"destroy","line":89,"loc":{"start":{"line":89,"column":4},"end":{"line":105,"column":4}}}},"statementMap":{"1":{"start":{"line":26,"column":8},"end":{"line":26,"column":39}},"2":{"start":{"line":30,"column":8},"end":{"line":30,"column":33}},"3":{"start":{"line":34,"column":8},"end":{"line":34,"column":40}},"4":{"start":{"line":38,"column":8},"end":{"line":38,"column":30}},"5":{"start":{"line":39,"column":8},"end":{"line":39,"column":1310}},"6":{"start":{"line":40,"column":12},"end":{"line":40,"column":1384}},"7":{"start":{"line":41,"column":16},"end":{"line":41,"column":31}},"8":{"start":{"line":44,"column":8},"end":{"line":44,"column":1484}},"9":{"start":{"line":45,"column":12},"end":{"line":45,"column":41}},"10":{"start":{"line":47,"column":8},"end":{"line":47,"column":41}},"11":{"start":{"line":51,"column":8},"end":{"line":51,"column":1680}},"12":{"start":{"line":52,"column":12},"end":{"line":52,"column":1754}},"13":{"start":{"line":53,"column":16},"end":{"line":53,"column":1812}},"14":{"start":{"line":56,"column":16},"end":{"line":56,"column":39}},"15":{"start":{"line":64,"column":8},"end":{"line":64,"column":46}},"16":{"start":{"line":66,"column":8},"end":{"line":66,"column":2205}},"17":{"start":{"line":67,"column":12},"end":{"line":67,"column":49}},"18":{"start":{"line":68,"column":12},"end":{"line":68,"column":54}},"19":{"start":{"line":69,"column":12},"end":{"line":69,"column":57}},"20":{"start":{"line":70,"column":12},"end":{"line":70,"column":2498}},"21":{"start":{"line":72,"column":12},"end":{"line":72,"column":65}},"22":{"start":{"line":73,"column":12},"end":{"line":73,"column":2612}},"23":{"start":{"line":76,"column":12},"end":{"line":76,"column":2729}},"24":{"start":{"line":79,"column":12},"end":{"line":79,"column":2844}},"25":{"start":{"line":84,"column":12},"end":{"line":84,"column":37}},"26":{"start":{"line":90,"column":8},"end":{"line":90,"column":65}},"27":{"start":{"line":91,"column":8},"end":{"line":91,"column":48}},"28":{"start":{"line":92,"column":8},"end":{"line":92,"column":37}},"29":{"start":{"line":93,"column":8},"end":{"line":93,"column":34}},"30":{"start":{"line":94,"column":8},"end":{"line":94,"column":33}},"31":{"start":{"line":95,"column":8},"end":{"line":95,"column":3371}},"32":{"start":{"line":96,"column":12},"end":{"line":96,"column":49}},"33":{"start":{"line":97,"column":12},"end":{"line":97,"column":54}},"34":{"start":{"line":98,"column":12},"end":{"line":98,"column":57}},"35":{"start":{"line":99,"column":12},"end":{"line":99,"column":3611}}},"branchMap":{"1":{"line":40,"type":"if","locations":[{"start":{"line":40,"column":12},"end":{"line":40,"column":12}},{"start":{"line":40,"column":12},"end":{"line":40,"column":12}}]},"2":{"line":44,"type":"if","locations":[{"start":{"line":44,"column":8},"end":{"line":44,"column":8}},{"start":{"line":44,"column":8},"end":{"line":44,"column":8}}]},"3":{"line":52,"type":"if","locations":[{"start":{"line":52,"column":12},"end":{"line":52,"column":12}},{"start":{"line":52,"column":12},"end":{"line":52,"column":12}}]},"4":{"line":64,"type":"if","locations":[{"start":{"line":64,"column":8},"end":{"line":64,"column":8}},{"start":{"line":64,"column":8},"end":{"line":64,"column":8}}]},"5":{"line":73,"type":"if","locations":[{"start":{"line":73,"column":12},"end":{"line":73,"column":12}},{"start":{"line":73,"column":12},"end":{"line":73,"column":12}}]},"6":{"line":76,"type":"if","locations":[{"start":{"line":76,"column":12},"end":{"line":76,"column":12}},{"start":{"line":76,"column":12},"end":{"line":76,"column":12}}]},"7":{"line":92,"type":"if","locations":[{"start":{"line":92,"column":8},"end":{"line":92,"column":8}},{"start":{"line":92,"column":8},"end":{"line":92,"column":8}}]},"8":{"line":93,"type":"if","locations":[{"start":{"line":93,"column":8},"end":{"line":93,"column":8}},{"start":{"line":93,"column":8},"end":{"line":93,"column":8}}]}}},"contracts\\MetaCoin.sol":{"l":{"12":3},"path":"C:\\Users\\luyip\\Downloads\\ERC20Token\\contracts\\MetaCoin.sol","s":{"1":3},"b":{},"f":{"1":3},"fnMap":{"1":{"name":"constructor","line":10,"loc":{"start":{"line":10,"column":4},"end":{"line":13,"column":4}}}},"statementMap":{"1":{"start":{"line":12,"column":8},"end":{"line":12,"column":39}}},"branchMap":{}}}