{"contracts\\CustomERC20TokenV1.sol":{"l":{"81":3,"82":3,"83":3,"91":14,"93":14,"94":14,"99":3,"104":3,"108":3,"112":3,"116":4,"117":4,"118":4,"119":2,"121":4,"125":3,"129":5,"130":5,"131":5,"132":5,"146":1,"147":1,"152":3,"153":3,"155":3,"156":3,"157":3,"159":3,"160":3,"164":3,"168":3,"173":3,"174":3,"175":3,"176":3,"177":3,"180":3,"186":3,"192":2,"193":2,"194":2,"195":2,"196":2,"198":2,"199":2,"200":2,"201":2,"202":2,"203":2,"207":2,"208":2,"212":2,"213":2,"216":2,"217":2,"218":2,"221":0,"225":2,"238":3,"243":1,"244":1,"247":1,"251":0,"252":0,"253":0,"255":0},"path":"C:\\Users\\luyip\\Downloads\\ERC20Token-hardhat\\contracts\\CustomERC20TokenV1.sol","s":{"1":3,"2":3,"3":14,"4":14,"5":14,"6":3,"7":3,"8":3,"9":3,"10":4,"11":4,"12":4,"13":2,"14":4,"15":3,"16":5,"17":5,"18":5,"19":5,"20":1,"21":3,"22":3,"23":3,"24":3,"25":3,"26":3,"27":3,"28":3,"29":3,"30":3,"31":3,"32":3,"33":3,"34":3,"35":3,"36":3,"37":2,"38":2,"39":2,"40":2,"41":2,"42":2,"43":2,"44":2,"45":2,"46":2,"47":2,"48":2,"49":2,"50":2,"51":2,"52":2,"53":2,"54":2,"55":0,"56":2,"57":3,"58":1,"59":1,"60":1,"61":0,"62":0,"63":0,"64":0},"b":{"1":[3,0],"2":[3,0],"3":[5,0],"4":[5,0],"5":[3,0],"6":[3,0],"7":[3,0],"8":[3,0],"9":[2,0],"10":[2,0],"11":[2,0],"12":[2,0],"13":[2,0],"14":[2,0],"15":[1,2],"16":[0,0]},"f":{"1":3,"2":14,"3":3,"4":3,"5":3,"6":3,"7":4,"8":3,"9":5,"10":1,"11":3,"12":2,"13":3,"14":0},"fnMap":{"1":{"name":"validDestination","line":80,"loc":{"start":{"line":80,"column":4},"end":{"line":84,"column":4}}},"2":{"name":"constructor","line":90,"loc":{"start":{"line":86,"column":4},"end":{"line":95,"column":4}}},"3":{"name":"collateralRatio","line":97,"loc":{"start":{"line":97,"column":4},"end":{"line":100,"column":4}}},"4":{"name":"collateralOf","line":102,"loc":{"start":{"line":102,"column":4},"end":{"line":105,"column":4}}},"5":{"name":"currentCollateralRatio","line":107,"loc":{"start":{"line":107,"column":4},"end":{"line":109,"column":4}}},"6":{"name":"totalCollateral","line":111,"loc":{"start":{"line":111,"column":4},"end":{"line":113,"column":4}}},"7":{"name":"acceptedTokenList","line":115,"loc":{"start":{"line":115,"column":4},"end":{"line":122,"column":4}}},"8":{"name":"exchangeRatioMap","line":124,"loc":{"start":{"line":124,"column":4},"end":{"line":126,"column":4}}},"9":{"name":"setFriendToken","line":128,"loc":{"start":{"line":128,"column":4},"end":{"line":143,"column":4}}},"10":{"name":"removeFriendToken","line":145,"loc":{"start":{"line":145,"column":4},"end":{"line":148,"column":4}}},"11":{"name":"cast","line":151,"loc":{"start":{"line":151,"column":4},"end":{"line":187,"column":4}}},"12":{"name":"destroy","line":189,"loc":{"start":{"line":189,"column":4},"end":{"line":232,"column":4}}},"13":{"name":"rewardDistribution","line":236,"loc":{"start":{"line":234,"column":4},"end":{"line":248,"column":4}}},"14":{"name":"recaculateCollateralRatio","line":250,"loc":{"start":{"line":250,"column":4},"end":{"line":256,"column":4}}}},"statementMap":{"1":{"start":{"line":81,"column":8},"end":{"line":81,"column":34}},"2":{"start":{"line":82,"column":8},"end":{"line":82,"column":35}},"3":{"start":{"line":91,"column":8},"end":{"line":91,"column":33}},"4":{"start":{"line":93,"column":8},"end":{"line":93,"column":39}},"5":{"start":{"line":94,"column":8},"end":{"line":94,"column":37}},"6":{"start":{"line":99,"column":8},"end":{"line":99,"column":31}},"7":{"start":{"line":104,"column":8},"end":{"line":104,"column":41}},"8":{"start":{"line":108,"column":8},"end":{"line":108,"column":38}},"9":{"start":{"line":112,"column":8},"end":{"line":112,"column":31}},"10":{"start":{"line":116,"column":8},"end":{"line":116,"column":61}},"11":{"start":{"line":117,"column":8},"end":{"line":117,"column":63}},"12":{"start":{"line":118,"column":8},"end":{"line":118,"column":4230}},"13":{"start":{"line":119,"column":12},"end":{"line":119,"column":46}},"14":{"start":{"line":121,"column":8},"end":{"line":121,"column":20}},"15":{"start":{"line":125,"column":8},"end":{"line":125,"column":39}},"16":{"start":{"line":129,"column":8},"end":{"line":129,"column":37}},"17":{"start":{"line":130,"column":8},"end":{"line":130,"column":37}},"18":{"start":{"line":131,"column":8},"end":{"line":131,"column":35}},"19":{"start":{"line":132,"column":8},"end":{"line":132,"column":38}},"20":{"start":{"line":146,"column":8},"end":{"line":146,"column":38}},"21":{"start":{"line":152,"column":8},"end":{"line":152,"column":48}},"22":{"start":{"line":153,"column":8},"end":{"line":153,"column":49}},"23":{"start":{"line":155,"column":8},"end":{"line":155,"column":47}},"24":{"start":{"line":156,"column":8},"end":{"line":156,"column":51}},"25":{"start":{"line":157,"column":8},"end":{"line":157,"column":5679}},"26":{"start":{"line":159,"column":8},"end":{"line":159,"column":59}},"27":{"start":{"line":160,"column":8},"end":{"line":160,"column":5784}},"28":{"start":{"line":164,"column":8},"end":{"line":164,"column":5932}},"29":{"start":{"line":168,"column":8},"end":{"line":168,"column":6070}},"30":{"start":{"line":173,"column":8},"end":{"line":173,"column":32}},"31":{"start":{"line":174,"column":8},"end":{"line":174,"column":29}},"32":{"start":{"line":175,"column":8},"end":{"line":175,"column":76}},"33":{"start":{"line":176,"column":8},"end":{"line":176,"column":66}},"34":{"start":{"line":177,"column":8},"end":{"line":177,"column":6433}},"35":{"start":{"line":180,"column":8},"end":{"line":180,"column":6538}},"36":{"start":{"line":186,"column":8},"end":{"line":186,"column":60}},"37":{"start":{"line":192,"column":8},"end":{"line":192,"column":70}},"38":{"start":{"line":193,"column":8},"end":{"line":193,"column":53}},"39":{"start":{"line":194,"column":8},"end":{"line":194,"column":37}},"40":{"start":{"line":195,"column":8},"end":{"line":195,"column":7102}},"41":{"start":{"line":196,"column":12},"end":{"line":196,"column":48}},"42":{"start":{"line":198,"column":8},"end":{"line":198,"column":41}},"43":{"start":{"line":199,"column":8},"end":{"line":199,"column":39}},"44":{"start":{"line":200,"column":8},"end":{"line":200,"column":70}},"45":{"start":{"line":201,"column":8},"end":{"line":201,"column":51}},"46":{"start":{"line":202,"column":8},"end":{"line":202,"column":47}},"47":{"start":{"line":203,"column":8},"end":{"line":203,"column":7473}},"48":{"start":{"line":207,"column":8},"end":{"line":207,"column":32}},"49":{"start":{"line":208,"column":8},"end":{"line":208,"column":7639}},"50":{"start":{"line":212,"column":8},"end":{"line":212,"column":29}},"51":{"start":{"line":213,"column":8},"end":{"line":213,"column":7783}},"52":{"start":{"line":216,"column":8},"end":{"line":216,"column":61}},"53":{"start":{"line":217,"column":8},"end":{"line":217,"column":7943}},"54":{"start":{"line":218,"column":8},"end":{"line":218,"column":34}},"55":{"start":{"line":221,"column":8},"end":{"line":221,"column":8035}},"56":{"start":{"line":225,"column":8},"end":{"line":225,"column":8150}},"57":{"start":{"line":238,"column":8},"end":{"line":238,"column":8491}},"58":{"start":{"line":243,"column":8},"end":{"line":243,"column":31}},"59":{"start":{"line":244,"column":8},"end":{"line":244,"column":8699}},"60":{"start":{"line":247,"column":8},"end":{"line":247,"column":40}},"61":{"start":{"line":251,"column":8},"end":{"line":251,"column":67}},"62":{"start":{"line":252,"column":8},"end":{"line":252,"column":8972}},"63":{"start":{"line":253,"column":12},"end":{"line":253,"column":39}},"64":{"start":{"line":255,"column":8},"end":{"line":255,"column":52}}},"branchMap":{"1":{"line":81,"type":"if","locations":[{"start":{"line":81,"column":8},"end":{"line":81,"column":8}},{"start":{"line":81,"column":8},"end":{"line":81,"column":8}}]},"2":{"line":82,"type":"if","locations":[{"start":{"line":82,"column":8},"end":{"line":82,"column":8}},{"start":{"line":82,"column":8},"end":{"line":82,"column":8}}]},"3":{"line":129,"type":"if","locations":[{"start":{"line":129,"column":8},"end":{"line":129,"column":8}},{"start":{"line":129,"column":8},"end":{"line":129,"column":8}}]},"4":{"line":130,"type":"if","locations":[{"start":{"line":130,"column":8},"end":{"line":130,"column":8}},{"start":{"line":130,"column":8},"end":{"line":130,"column":8}}]},"5":{"line":152,"type":"if","locations":[{"start":{"line":152,"column":8},"end":{"line":152,"column":8}},{"start":{"line":152,"column":8},"end":{"line":152,"column":8}}]},"6":{"line":153,"type":"if","locations":[{"start":{"line":153,"column":8},"end":{"line":153,"column":8}},{"start":{"line":153,"column":8},"end":{"line":153,"column":8}}]},"7":{"line":160,"type":"if","locations":[{"start":{"line":160,"column":8},"end":{"line":160,"column":8}},{"start":{"line":160,"column":8},"end":{"line":160,"column":8}}]},"8":{"line":164,"type":"if","locations":[{"start":{"line":164,"column":8},"end":{"line":164,"column":8}},{"start":{"line":164,"column":8},"end":{"line":164,"column":8}}]},"9":{"line":195,"type":"if","locations":[{"start":{"line":195,"column":8},"end":{"line":195,"column":8}},{"start":{"line":195,"column":8},"end":{"line":195,"column":8}}]},"10":{"line":198,"type":"if","locations":[{"start":{"line":198,"column":8},"end":{"line":198,"column":8}},{"start":{"line":198,"column":8},"end":{"line":198,"column":8}}]},"11":{"line":199,"type":"if","locations":[{"start":{"line":199,"column":8},"end":{"line":199,"column":8}},{"start":{"line":199,"column":8},"end":{"line":199,"column":8}}]},"12":{"line":200,"type":"if","locations":[{"start":{"line":200,"column":8},"end":{"line":200,"column":8}},{"start":{"line":200,"column":8},"end":{"line":200,"column":8}}]},"13":{"line":203,"type":"if","locations":[{"start":{"line":203,"column":8},"end":{"line":203,"column":8}},{"start":{"line":203,"column":8},"end":{"line":203,"column":8}}]},"14":{"line":217,"type":"if","locations":[{"start":{"line":217,"column":8},"end":{"line":217,"column":8}},{"start":{"line":217,"column":8},"end":{"line":217,"column":8}}]},"15":{"line":238,"type":"if","locations":[{"start":{"line":238,"column":8},"end":{"line":238,"column":8}},{"start":{"line":238,"column":8},"end":{"line":238,"column":8}}]},"16":{"line":252,"type":"if","locations":[{"start":{"line":252,"column":8},"end":{"line":252,"column":8}},{"start":{"line":252,"column":8},"end":{"line":252,"column":8}}]}}},"contracts\\MetaCoin.sol":{"l":{"14":3},"path":"C:\\Users\\luyip\\Downloads\\ERC20Token-hardhat\\contracts\\MetaCoin.sol","s":{"1":3},"b":{},"f":{"1":3},"fnMap":{"1":{"name":"constructor","line":12,"loc":{"start":{"line":12,"column":4},"end":{"line":15,"column":4}}}},"statementMap":{"1":{"start":{"line":14,"column":8},"end":{"line":14,"column":39}}},"branchMap":{}}}